This is pdfTeX, Version 3.141592653-2.6-1.40.24 (TeX Live 2022/Debian) (preloaded format=pdflatex 2023.6.12)  25 OCT 2023 10:05
entering extended mode
 restricted \write18 enabled.
 %&-line parsing enabled.
**NHANES-BP-Appendix.tex
(./NHANES-BP-Appendix.tex
LaTeX2e <2022-06-01> patch level 5
L3 programming layer <2022-07-15> (/usr/share/texlive/texmf-dist/tex/latex/base
/article.cls
Document Class: article 2021/10/04 v1.4n Standard LaTeX document class
(/usr/share/texlive/texmf-dist/tex/latex/base/size10.clo
File: size10.clo 2021/10/04 v1.4n Standard LaTeX file (size option)
)
\c@part=\count185
\c@section=\count186
\c@subsection=\count187
\c@subsubsection=\count188
\c@paragraph=\count189
\c@subparagraph=\count190
\c@figure=\count191
\c@table=\count192
\abovecaptionskip=\skip47
\belowcaptionskip=\skip48
\bibindent=\dimen138
) (/usr/share/texlive/texmf-dist/tex/latex/amsmath/amsmath.sty
Package: amsmath 2022/04/08 v2.17n AMS math features
\@mathmargin=\skip49
For additional information on amsmath, use the `?' option.
(/usr/share/texlive/texmf-dist/tex/latex/amsmath/amstext.sty
Package: amstext 2021/08/26 v2.01 AMS text
(/usr/share/texlive/texmf-dist/tex/latex/amsmath/amsgen.sty
File: amsgen.sty 1999/11/30 v2.0 generic functions
\@emptytoks=\toks16
\ex@=\dimen139
)) (/usr/share/texlive/texmf-dist/tex/latex/amsmath/amsbsy.sty
Package: amsbsy 1999/11/29 v1.2d Bold Symbols
\pmbraise@=\dimen140
) (/usr/share/texlive/texmf-dist/tex/latex/amsmath/amsopn.sty
Package: amsopn 2022/04/08 v2.04 operator names
)
\inf@bad=\count193
LaTeX Info: Redefining \frac on input line 234.
\uproot@=\count194
\leftroot@=\count195
LaTeX Info: Redefining \overline on input line 399.
LaTeX Info: Redefining \colon on input line 410.
\classnum@=\count196
\DOTSCASE@=\count197
LaTeX Info: Redefining \ldots on input line 496.
LaTeX Info: Redefining \dots on input line 499.
LaTeX Info: Redefining \cdots on input line 620.
\Mathstrutbox@=\box51
\strutbox@=\box52
LaTeX Info: Redefining \big on input line 722.
LaTeX Info: Redefining \Big on input line 723.
LaTeX Info: Redefining \bigg on input line 724.
LaTeX Info: Redefining \Bigg on input line 725.
\big@size=\dimen141
LaTeX Font Info:    Redeclaring font encoding OML on input line 743.
LaTeX Font Info:    Redeclaring font encoding OMS on input line 744.
\macc@depth=\count198
LaTeX Info: Redefining \bmod on input line 905.
LaTeX Info: Redefining \pmod on input line 910.
LaTeX Info: Redefining \smash on input line 940.
LaTeX Info: Redefining \relbar on input line 970.
LaTeX Info: Redefining \Relbar on input line 971.
\c@MaxMatrixCols=\count199
\dotsspace@=\muskip16
\c@parentequation=\count266
\dspbrk@lvl=\count267
\tag@help=\toks17
\row@=\count268
\column@=\count269
\maxfields@=\count270
\andhelp@=\toks18
\eqnshift@=\dimen142
\alignsep@=\dimen143
\tagshift@=\dimen144
\tagwidth@=\dimen145
\totwidth@=\dimen146
\lineht@=\dimen147
\@envbody=\toks19
\multlinegap=\skip50
\multlinetaggap=\skip51
\mathdisplay@stack=\toks20
LaTeX Info: Redefining \[ on input line 2953.
LaTeX Info: Redefining \] on input line 2954.
) (/usr/share/texlive/texmf-dist/tex/latex/amsfonts/amssymb.sty
Package: amssymb 2013/01/14 v3.01 AMS font symbols
(/usr/share/texlive/texmf-dist/tex/latex/amsfonts/amsfonts.sty
Package: amsfonts 2013/01/14 v3.01 Basic AMSFonts support
\symAMSa=\mathgroup4
\symAMSb=\mathgroup5
LaTeX Font Info:    Redeclaring math symbol \hbar on input line 98.
LaTeX Font Info:    Overwriting math alphabet `\mathfrak' in version `bold'
(Font)                  U/euf/m/n --> U/euf/b/n on input line 106.
)) (/usr/share/texmf/tex/latex/lm/lmodern.sty
Package: lmodern 2015/05/01 v1.6.1 Latin Modern Fonts
LaTeX Font Info:    Overwriting symbol font `operators' in version `normal'
(Font)                  OT1/cmr/m/n --> OT1/lmr/m/n on input line 22.
LaTeX Font Info:    Overwriting symbol font `letters' in version `normal'
(Font)                  OML/cmm/m/it --> OML/lmm/m/it on input line 23.
LaTeX Font Info:    Overwriting symbol font `symbols' in version `normal'
(Font)                  OMS/cmsy/m/n --> OMS/lmsy/m/n on input line 24.
LaTeX Font Info:    Overwriting symbol font `largesymbols' in version `normal'
(Font)                  OMX/cmex/m/n --> OMX/lmex/m/n on input line 25.
LaTeX Font Info:    Overwriting symbol font `operators' in version `bold'
(Font)                  OT1/cmr/bx/n --> OT1/lmr/bx/n on input line 26.
LaTeX Font Info:    Overwriting symbol font `letters' in version `bold'
(Font)                  OML/cmm/b/it --> OML/lmm/b/it on input line 27.
LaTeX Font Info:    Overwriting symbol font `symbols' in version `bold'
(Font)                  OMS/cmsy/b/n --> OMS/lmsy/b/n on input line 28.
LaTeX Font Info:    Overwriting symbol font `largesymbols' in version `bold'
(Font)                  OMX/cmex/m/n --> OMX/lmex/m/n on input line 29.
LaTeX Font Info:    Overwriting math alphabet `\mathbf' in version `normal'
(Font)                  OT1/cmr/bx/n --> OT1/lmr/bx/n on input line 31.
LaTeX Font Info:    Overwriting math alphabet `\mathsf' in version `normal'
(Font)                  OT1/cmss/m/n --> OT1/lmss/m/n on input line 32.
LaTeX Font Info:    Overwriting math alphabet `\mathit' in version `normal'
(Font)                  OT1/cmr/m/it --> OT1/lmr/m/it on input line 33.
LaTeX Font Info:    Overwriting math alphabet `\mathtt' in version `normal'
(Font)                  OT1/cmtt/m/n --> OT1/lmtt/m/n on input line 34.
LaTeX Font Info:    Overwriting math alphabet `\mathbf' in version `bold'
(Font)                  OT1/cmr/bx/n --> OT1/lmr/bx/n on input line 35.
LaTeX Font Info:    Overwriting math alphabet `\mathsf' in version `bold'
(Font)                  OT1/cmss/bx/n --> OT1/lmss/bx/n on input line 36.
LaTeX Font Info:    Overwriting math alphabet `\mathit' in version `bold'
(Font)                  OT1/cmr/bx/it --> OT1/lmr/bx/it on input line 37.
LaTeX Font Info:    Overwriting math alphabet `\mathtt' in version `bold'
(Font)                  OT1/cmtt/m/n --> OT1/lmtt/m/n on input line 38.
) (/usr/share/texlive/texmf-dist/tex/generic/iftex/iftex.sty
Package: iftex 2022/02/03 v1.0f TeX engine tests
) (/usr/share/texlive/texmf-dist/tex/latex/base/fontenc.sty
Package: fontenc 2021/04/29 v2.0v Standard LaTeX package
LaTeX Font Info:    Trying to load font information for T1+lmr on input line 11
2.
(/usr/share/texmf/tex/latex/lm/t1lmr.fd
File: t1lmr.fd 2015/05/01 v1.6.1 Font defs for Latin Modern
)) (/usr/share/texlive/texmf-dist/tex/latex/base/inputenc.sty
Package: inputenc 2021/02/14 v1.3d Input encoding file
\inpenc@prehook=\toks21
\inpenc@posthook=\toks22
) (/usr/share/texlive/texmf-dist/tex/latex/base/textcomp.sty
Package: textcomp 2020/02/02 v2.0n Standard LaTeX package
) (/usr/share/texlive/texmf-dist/tex/latex/upquote/upquote.sty
Package: upquote 2012/04/19 v1.3 upright-quote and grave-accent glyphs in verba
tim
) (/usr/share/texlive/texmf-dist/tex/latex/microtype/microtype.sty
Package: microtype 2022/06/23 v3.0f Micro-typographical refinements (RS)
(/usr/share/texlive/texmf-dist/tex/latex/graphics/keyval.sty
Package: keyval 2022/05/29 v1.15 key=value parser (DPC)
\KV@toks@=\toks23
) (/usr/share/texlive/texmf-dist/tex/latex/etoolbox/etoolbox.sty
Package: etoolbox 2020/10/05 v2.5k e-TeX tools for LaTeX (JAW)
\etb@tempcnta=\count271
)
\MT@toks=\toks24
\MT@tempbox=\box53
\MT@count=\count272
LaTeX Info: Redefining \noprotrusionifhmode on input line 1045.
LaTeX Info: Redefining \leftprotrusion on input line 1046.
LaTeX Info: Redefining \rightprotrusion on input line 1056.
LaTeX Info: Redefining \textls on input line 1234.
\MT@outer@kern=\dimen148
LaTeX Info: Redefining \textmicrotypecontext on input line 1858.
\MT@listname@count=\count273
(/usr/share/texlive/texmf-dist/tex/latex/microtype/microtype-pdftex.def
File: microtype-pdftex.def 2022/06/23 v3.0f Definitions specific to pdftex (RS)

LaTeX Info: Redefining \lsstyle on input line 900.
LaTeX Info: Redefining \lslig on input line 900.
\MT@outer@space=\skip52
)
Package microtype Info: Loading configuration file microtype.cfg.
(/usr/share/texlive/texmf-dist/tex/latex/microtype/microtype.cfg
File: microtype.cfg 2022/06/23 v3.0f microtype main configuration file (RS)
)) (/usr/share/texlive/texmf-dist/tex/latex/parskip/parskip.sty
Package: parskip 2021-03-14 v2.0h non-zero parskip adjustments
(/usr/share/texlive/texmf-dist/tex/latex/kvoptions/kvoptions.sty
Package: kvoptions 2022-06-15 v3.15 Key value format for package options (HO)
(/usr/share/texlive/texmf-dist/tex/generic/ltxcmds/ltxcmds.sty
Package: ltxcmds 2020-05-10 v1.25 LaTeX kernel commands for general use (HO)
) (/usr/share/texlive/texmf-dist/tex/generic/kvsetkeys/kvsetkeys.sty
Package: kvsetkeys 2019/12/15 v1.18 Key value parser (HO)
))) (/usr/share/texlive/texmf-dist/tex/latex/xcolor/xcolor.sty
Package: xcolor 2022/06/12 v2.14 LaTeX color extensions (UK)
(/usr/share/texlive/texmf-dist/tex/latex/graphics-cfg/color.cfg
File: color.cfg 2016/01/02 v1.6 sample color configuration
)
Package xcolor Info: Driver file: pdftex.def on input line 227.
(/usr/share/texlive/texmf-dist/tex/latex/graphics-def/pdftex.def
File: pdftex.def 2020/10/05 v1.2a Graphics/color driver for pdftex
) (/usr/share/texlive/texmf-dist/tex/latex/graphics/mathcolor.ltx)
Package xcolor Info: Model `cmy' substituted by `cmy0' on input line 1353.
Package xcolor Info: Model `hsb' substituted by `rgb' on input line 1357.
Package xcolor Info: Model `RGB' extended on input line 1369.
Package xcolor Info: Model `HTML' substituted by `rgb' on input line 1371.
Package xcolor Info: Model `Hsb' substituted by `hsb' on input line 1372.
Package xcolor Info: Model `tHsb' substituted by `hsb' on input line 1373.
Package xcolor Info: Model `HSB' substituted by `hsb' on input line 1374.
Package xcolor Info: Model `Gray' substituted by `gray' on input line 1375.
Package xcolor Info: Model `wave' substituted by `hsb' on input line 1376.
) (/usr/share/texlive/texmf-dist/tex/latex/geometry/geometry.sty
Package: geometry 2020/01/02 v5.9 Page Geometry
(/usr/share/texlive/texmf-dist/tex/generic/iftex/ifvtex.sty
Package: ifvtex 2019/10/25 v1.7 ifvtex legacy package. Use iftex instead.
)
\Gm@cnth=\count274
\Gm@cntv=\count275
\c@Gm@tempcnt=\count276
\Gm@bindingoffset=\dimen149
\Gm@wd@mp=\dimen150
\Gm@odd@mp=\dimen151
\Gm@even@mp=\dimen152
\Gm@layoutwidth=\dimen153
\Gm@layoutheight=\dimen154
\Gm@layouthoffset=\dimen155
\Gm@layoutvoffset=\dimen156
\Gm@dimlist=\toks25
) (/usr/share/texlive/texmf-dist/tex/latex/tools/longtable.sty
Package: longtable 2021-09-01 v4.17 Multi-page Table package (DPC)
\LTleft=\skip53
\LTright=\skip54
\LTpre=\skip55
\LTpost=\skip56
\LTchunksize=\count277
\LTcapwidth=\dimen157
\LT@head=\box54
\LT@firsthead=\box55
\LT@foot=\box56
\LT@lastfoot=\box57
\LT@gbox=\box58
\LT@cols=\count278
\LT@rows=\count279
\c@LT@tables=\count280
\c@LT@chunks=\count281
\LT@p@ftn=\toks26
) (/usr/share/texlive/texmf-dist/tex/latex/booktabs/booktabs.sty
Package: booktabs 2020/01/12 v1.61803398 Publication quality tables
\heavyrulewidth=\dimen158
\lightrulewidth=\dimen159
\cmidrulewidth=\dimen160
\belowrulesep=\dimen161
\belowbottomsep=\dimen162
\aboverulesep=\dimen163
\abovetopsep=\dimen164
\cmidrulesep=\dimen165
\cmidrulekern=\dimen166
\defaultaddspace=\dimen167
\@cmidla=\count282
\@cmidlb=\count283
\@aboverulesep=\dimen168
\@belowrulesep=\dimen169
\@thisruleclass=\count284
\@lastruleclass=\count285
\@thisrulewidth=\dimen170
) (/usr/share/texlive/texmf-dist/tex/latex/tools/array.sty
Package: array 2022/03/10 v2.5f Tabular extension package (FMi)
\col@sep=\dimen171
\ar@mcellbox=\box59
\extrarowheight=\dimen172
\NC@list=\toks27
\extratabsurround=\skip57
\backup@length=\skip58
\ar@cellbox=\box60
) (/usr/share/texlive/texmf-dist/tex/latex/tools/calc.sty
Package: calc 2017/05/25 v4.3 Infix arithmetic (KKT,FJ)
\calc@Acount=\count286
\calc@Bcount=\count287
\calc@Adimen=\dimen173
\calc@Bdimen=\dimen174
\calc@Askip=\skip59
\calc@Bskip=\skip60
LaTeX Info: Redefining \setlength on input line 80.
LaTeX Info: Redefining \addtolength on input line 81.
\calc@Ccount=\count288
\calc@Cskip=\skip61
) (/usr/share/texlive/texmf-dist/tex/latex/footnotehyper/footnotehyper.sty
Package: footnotehyper 2021/08/13 v1.1e hyperref aware footnote.sty (JFB)
\FNH@notes=\box61
\FNH@width=\dimen175
\FNH@toks=\toks28
) (/usr/share/texlive/texmf-dist/tex/latex/graphics/graphicx.sty
Package: graphicx 2021/09/16 v1.2d Enhanced LaTeX Graphics (DPC,SPQR)
(/usr/share/texlive/texmf-dist/tex/latex/graphics/graphics.sty
Package: graphics 2022/03/10 v1.4e Standard LaTeX Graphics (DPC,SPQR)
(/usr/share/texlive/texmf-dist/tex/latex/graphics/trig.sty
Package: trig 2021/08/11 v1.11 sin cos tan (DPC)
) (/usr/share/texlive/texmf-dist/tex/latex/graphics-cfg/graphics.cfg
File: graphics.cfg 2016/06/04 v1.11 sample graphics configuration
)
Package graphics Info: Driver file: pdftex.def on input line 107.
)
\Gin@req@height=\dimen176
\Gin@req@width=\dimen177
)
\cslhangindent=\skip62
\csllabelwidth=\skip63
\cslentryspacingunit=\skip64
(/usr/share/texlive/texmf-dist/tex/latex/multirow/multirow.sty
Package: multirow 2021/03/15 v2.8 Span multiple rows of a table
\multirow@colwidth=\skip65
\multirow@cntb=\count289
\multirow@dima=\skip66
\bigstrutjot=\dimen178
) (/usr/share/texlive/texmf-dist/tex/latex/wrapfig/wrapfig.sty
\wrapoverhang=\dimen179
\WF@size=\dimen180
\c@WF@wrappedlines=\count290
\WF@box=\box62
\WF@everypar=\toks29
Package: wrapfig 2003/01/31  v 3.6
) (/usr/share/texlive/texmf-dist/tex/latex/float/float.sty
Package: float 2001/11/08 v1.3d Float enhancements (AL)
\c@float@type=\count291
\float@exts=\toks30
\float@box=\box63
\@float@everytoks=\toks31
\@floatcapt=\box64
) (/usr/share/texlive/texmf-dist/tex/latex/colortbl/colortbl.sty
Package: colortbl 2020/01/04 v1.0e Color table columns (DPC)
\everycr=\toks32
\minrowclearance=\skip67
) (/usr/share/texlive/texmf-dist/tex/latex/pdflscape/pdflscape.sty
Package: pdflscape 2019/12/05 v0.12 Display of landscape pages in PDF (HO)
(/usr/share/texlive/texmf-dist/tex/latex/graphics/lscape.sty
Package: lscape 2020/05/28 v3.02 Landscape Pages (DPC)
)
Package pdflscape Info: Auto-detected driver: pdftex on input line 81.
) (/usr/share/texlive/texmf-dist/tex/latex/tabu/tabu.sty
Package: tabu 2019/01/11 v2.9 - flexible LaTeX tabulars (FC+tabu-fixed) + inter
mediate FMi
(/usr/share/texlive/texmf-dist/tex/latex/varwidth/varwidth.sty
Package: varwidth 2009/03/30 ver 0.92;  Variable-width minipages
\@vwid@box=\box65
\sift@deathcycles=\count292
\@vwid@loff=\dimen181
\@vwid@roff=\dimen182
)
\c@taburow=\count293
\tabu@nbcols=\count294
\tabu@cnt=\count295
\tabu@Xcol=\count296
\tabu@alloc=\count297
\tabu@nested=\count298
\tabu@target=\dimen183
\tabu@spreadtarget=\dimen184
\tabu@naturalX=\dimen185
\tabucolX=\dimen186
\tabu@Xsum=\dimen187
\extrarowdepth=\dimen188
\abovetabulinesep=\dimen189
\belowtabulinesep=\dimen190
\tabustrutrule=\dimen191
\tabu@thebody=\toks33
\tabu@footnotes=\toks34
\tabu@box=\box66
\tabu@arstrutbox=\box67
\tabu@hleads=\box68
\tabu@vleads=\box69
\tabu@cellskip=\skip68
) (/usr/share/texlive/texmf-dist/tex/latex/threeparttable/threeparttable.sty
Package: threeparttable 2003/06/13  v 3.0
\@tempboxb=\box70
) (/usr/share/texlive/texmf-dist/tex/latex/threeparttablex/threeparttablex.sty
Package: threeparttablex 2013/07/23 v0.3 by daleif
(/usr/share/texlive/texmf-dist/tex/latex/environ/environ.sty
Package: environ 2014/05/04 v0.3 A new way to define environments
(/usr/share/texlive/texmf-dist/tex/latex/trimspaces/trimspaces.sty
Package: trimspaces 2009/09/17 v1.1 Trim spaces around a token list
))
\TPTL@width=\skip69
) (/usr/share/texlive/texmf-dist/tex/generic/ulem/ulem.sty
\UL@box=\box71
\UL@hyphenbox=\box72
\UL@skip=\skip70
\UL@hook=\toks35
\UL@height=\dimen192
\UL@pe=\count299
\UL@pixel=\dimen193
\ULC@box=\box73
Package: ulem 2019/11/18
\ULdepth=\dimen194
) (/usr/share/texlive/texmf-dist/tex/latex/makecell/makecell.sty
Package: makecell 2009/08/03 V0.1e Managing of Tab Column Heads and Cells
\rotheadsize=\dimen195
\c@nlinenum=\count300
\TeXr@lab=\toks36
) (/usr/share/texlive/texmf-dist/tex/latex/bookmark/bookmark.sty
Package: bookmark 2020-11-06 v1.29 PDF bookmarks (HO)
(/usr/share/texlive/texmf-dist/tex/latex/hyperref/hyperref.sty
Package: hyperref 2022-06-20 v7.00s Hypertext links for LaTeX
(/usr/share/texlive/texmf-dist/tex/generic/pdftexcmds/pdftexcmds.sty
Package: pdftexcmds 2020-06-27 v0.33 Utility functions of pdfTeX for LuaTeX (HO
)
(/usr/share/texlive/texmf-dist/tex/generic/infwarerr/infwarerr.sty
Package: infwarerr 2019/12/03 v1.5 Providing info/warning/error messages (HO)
)
Package pdftexcmds Info: \pdf@primitive is available.
Package pdftexcmds Info: \pdf@ifprimitive is available.
Package pdftexcmds Info: \pdfdraftmode found.
) (/usr/share/texlive/texmf-dist/tex/generic/kvdefinekeys/kvdefinekeys.sty
Package: kvdefinekeys 2019-12-19 v1.6 Define keys (HO)
) (/usr/share/texlive/texmf-dist/tex/generic/pdfescape/pdfescape.sty
Package: pdfescape 2019/12/09 v1.15 Implements pdfTeX's escape features (HO)
) (/usr/share/texlive/texmf-dist/tex/latex/hycolor/hycolor.sty
Package: hycolor 2020-01-27 v1.10 Color options for hyperref/bookmark (HO)
) (/usr/share/texlive/texmf-dist/tex/latex/letltxmacro/letltxmacro.sty
Package: letltxmacro 2019/12/03 v1.6 Let assignment for LaTeX macros (HO)
) (/usr/share/texlive/texmf-dist/tex/latex/auxhook/auxhook.sty
Package: auxhook 2019-12-17 v1.6 Hooks for auxiliary files (HO)
) (/usr/share/texlive/texmf-dist/tex/latex/hyperref/nameref.sty
Package: nameref 2022-05-17 v2.50 Cross-referencing by name of section
(/usr/share/texlive/texmf-dist/tex/latex/refcount/refcount.sty
Package: refcount 2019/12/15 v3.6 Data extraction from label references (HO)
) (/usr/share/texlive/texmf-dist/tex/generic/gettitlestring/gettitlestring.sty
Package: gettitlestring 2019/12/15 v1.6 Cleanup title references (HO)
)
\c@section@level=\count301
)
\@linkdim=\dimen196
\Hy@linkcounter=\count302
\Hy@pagecounter=\count303
(/usr/share/texlive/texmf-dist/tex/latex/hyperref/pd1enc.def
File: pd1enc.def 2022-06-20 v7.00s Hyperref: PDFDocEncoding definition (HO)
Now handling font encoding PD1 ...
... no UTF-8 mapping file for font encoding PD1
) (/usr/share/texlive/texmf-dist/tex/generic/intcalc/intcalc.sty
Package: intcalc 2019/12/15 v1.3 Expandable calculations with integers (HO)
) (/usr/share/texlive/texmf-dist/tex/generic/etexcmds/etexcmds.sty
Package: etexcmds 2019/12/15 v1.7 Avoid name clashes with e-TeX commands (HO)
)
\Hy@SavedSpaceFactor=\count304
(/usr/share/texlive/texmf-dist/tex/latex/hyperref/puenc.def
File: puenc.def 2022-06-20 v7.00s Hyperref: PDF Unicode definition (HO)
Now handling font encoding PU ...
... no UTF-8 mapping file for font encoding PU
)
Package hyperref Info: Option `unicode' set `true' on input line 4045.
Package hyperref Info: Hyper figures OFF on input line 4162.
Package hyperref Info: Link nesting OFF on input line 4167.
Package hyperref Info: Hyper index ON on input line 4170.
Package hyperref Info: Plain pages OFF on input line 4177.
Package hyperref Info: Backreferencing OFF on input line 4182.
Package hyperref Info: Implicit mode ON; LaTeX internals redefined.
Package hyperref Info: Bookmarks ON on input line 4408.
\c@Hy@tempcnt=\count305
(/usr/share/texlive/texmf-dist/tex/latex/url/url.sty
\Urlmuskip=\muskip17
Package: url 2013/09/16  ver 3.4  Verb mode for urls, etc.
)
LaTeX Info: Redefining \url on input line 4746.
\XeTeXLinkMargin=\dimen197
(/usr/share/texlive/texmf-dist/tex/generic/bitset/bitset.sty
Package: bitset 2019/12/09 v1.3 Handle bit-vector datatype (HO)
(/usr/share/texlive/texmf-dist/tex/generic/bigintcalc/bigintcalc.sty
Package: bigintcalc 2019/12/15 v1.5 Expandable calculations on big integers (HO
)
))
\Fld@menulength=\count306
\Field@Width=\dimen198
\Fld@charsize=\dimen199
Package hyperref Info: Hyper figures OFF on input line 6024.
Package hyperref Info: Link nesting OFF on input line 6029.
Package hyperref Info: Hyper index ON on input line 6032.
Package hyperref Info: backreferencing OFF on input line 6039.
Package hyperref Info: Link coloring OFF on input line 6044.
Package hyperref Info: Link coloring with OCG OFF on input line 6049.
Package hyperref Info: PDF/A mode OFF on input line 6054.
(/usr/share/texlive/texmf-dist/tex/latex/base/atbegshi-ltx.sty
Package: atbegshi-ltx 2021/01/10 v1.0c Emulation of the original atbegshi
package with kernel methods
)
\Hy@abspage=\count307
\c@Item=\count308
\c@Hfootnote=\count309
)
Package hyperref Info: Driver (autodetected): hpdftex.
(/usr/share/texlive/texmf-dist/tex/latex/hyperref/hpdftex.def
File: hpdftex.def 2022-06-20 v7.00s Hyperref driver for pdfTeX
(/usr/share/texlive/texmf-dist/tex/latex/base/atveryend-ltx.sty
Package: atveryend-ltx 2020/08/19 v1.0a Emulation of the original atveryend pac
kage
with kernel methods
)
\Fld@listcount=\count310
\c@bookmark@seq@number=\count311
(/usr/share/texlive/texmf-dist/tex/latex/rerunfilecheck/rerunfilecheck.sty
Package: rerunfilecheck 2022-07-10 v1.10 Rerun checks for auxiliary files (HO)
(/usr/share/texlive/texmf-dist/tex/generic/uniquecounter/uniquecounter.sty
Package: uniquecounter 2019/12/15 v1.4 Provide unlimited unique counter (HO)
)
Package uniquecounter Info: New unique counter `rerunfilecheck' on input line 2
85.
)
\Hy@SectionHShift=\skip71
) (/usr/share/texlive/texmf-dist/tex/latex/bookmark/bkm-pdftex.def
File: bkm-pdftex.def 2020-11-06 v1.29 bookmark driver for pdfTeX (HO)
\BKM@id=\count312
)) (/usr/share/texlive/texmf-dist/tex/latex/xurl/xurl.sty
Package: xurl 2022/01/09 v 0.10 modify URL breaks
) (/usr/share/texlive/texmf-dist/tex/latex/l3backend/l3backend-pdftex.def
File: l3backend-pdftex.def 2022-07-01 L3 backend support: PDF output (pdfTeX)
\l__color_backend_stack_int=\count313
\l__pdf_internal_box=\box74
) (./NHANES-BP-Appendix.aux)
\openout1 = `NHANES-BP-Appendix.aux'.

LaTeX Font Info:    Checking defaults for OML/cmm/m/it on input line 117.
LaTeX Font Info:    ... okay on input line 117.
LaTeX Font Info:    Checking defaults for OMS/cmsy/m/n on input line 117.
LaTeX Font Info:    ... okay on input line 117.
LaTeX Font Info:    Checking defaults for OT1/cmr/m/n on input line 117.
LaTeX Font Info:    ... okay on input line 117.
LaTeX Font Info:    Checking defaults for T1/cmr/m/n on input line 117.
LaTeX Font Info:    ... okay on input line 117.
LaTeX Font Info:    Checking defaults for TS1/cmr/m/n on input line 117.
LaTeX Font Info:    ... okay on input line 117.
LaTeX Font Info:    Checking defaults for OMX/cmex/m/n on input line 117.
LaTeX Font Info:    ... okay on input line 117.
LaTeX Font Info:    Checking defaults for U/cmr/m/n on input line 117.
LaTeX Font Info:    ... okay on input line 117.
LaTeX Font Info:    Checking defaults for PD1/pdf/m/n on input line 117.
LaTeX Font Info:    ... okay on input line 117.
LaTeX Font Info:    Checking defaults for PU/pdf/m/n on input line 117.
LaTeX Font Info:    ... okay on input line 117.
LaTeX Info: Redefining \microtypecontext on input line 117.
Package microtype Info: Applying patch `item' on input line 117.
Package microtype Info: Applying patch `toc' on input line 117.
Package microtype Info: Applying patch `eqnum' on input line 117.
Package microtype Info: Applying patch `footnote' on input line 117.
Package microtype Info: Generating PDF output.
Package microtype Info: Character protrusion enabled (level 2).
Package microtype Info: Using protrusion set `basicmath'.
Package microtype Info: Automatic font expansion enabled (level 2),
(microtype)             stretch: 20, shrink: 20, step: 1, non-selected.
Package microtype Info: Using default expansion set `alltext-nott'.
LaTeX Info: Redefining \showhyphens on input line 117.
Package microtype Info: No adjustment of tracking.
Package microtype Info: No adjustment of interword spacing.
Package microtype Info: No adjustment of character kerning.
(/usr/share/texlive/texmf-dist/tex/latex/microtype/mt-cmr.cfg
File: mt-cmr.cfg 2013/05/19 v2.2 microtype config. file: Computer Modern Roman 
(RS)
) (/usr/share/texlive/texmf-dist/tex/context/base/mkii/supp-pdf.mkii
[Loading MPS to PDF converter (version 2006.09.02).]
\scratchcounter=\count314
\scratchdimen=\dimen256
\scratchbox=\box75
\nofMPsegments=\count315
\nofMParguments=\count316
\everyMPshowfont=\toks37
\MPscratchCnt=\count317
\MPscratchDim=\dimen257
\MPnumerator=\count318
\makeMPintoPDFobject=\count319
\everyMPtoPDFconversion=\toks38
) (/usr/share/texlive/texmf-dist/tex/latex/epstopdf-pkg/epstopdf-base.sty
Package: epstopdf-base 2020-01-24 v2.11 Base part for package epstopdf
Package epstopdf-base Info: Redefining graphics rule for `.eps' on input line 4
85.
(/usr/share/texlive/texmf-dist/tex/latex/latexconfig/epstopdf-sys.cfg
File: epstopdf-sys.cfg 2010/07/13 v1.3 Configuration of (r)epstopdf for TeX Liv
e
))
*geometry* driver: auto-detecting
*geometry* detected driver: pdftex
*geometry* verbose mode - [ preamble ] result:
* driver: pdftex
* paper: <default>
* layout: <same size as paper>
* layoutoffset:(h,v)=(0.0pt,0.0pt)
* modes: 
* h-part:(L,W,R)=(72.26999pt, 469.75502pt, 72.26999pt)
* v-part:(T,H,B)=(72.26999pt, 650.43001pt, 72.26999pt)
* \paperwidth=614.295pt
* \paperheight=794.96999pt
* \textwidth=469.75502pt
* \textheight=650.43001pt
* \oddsidemargin=0.0pt
* \evensidemargin=0.0pt
* \topmargin=-37.0pt
* \headheight=12.0pt
* \headsep=25.0pt
* \topskip=10.0pt
* \footskip=30.0pt
* \marginparwidth=65.0pt
* \marginparsep=11.0pt
* \columnsep=10.0pt
* \skip\footins=9.0pt plus 4.0pt minus 2.0pt
* \hoffset=0.0pt
* \voffset=0.0pt
* \mag=1000
* \@twocolumnfalse
* \@twosidefalse
* \@mparswitchfalse
* \@reversemarginfalse
* (1in=72.27pt=25.4mm, 1cm=28.453pt)

Package hyperref Info: Link coloring OFF on input line 117.
LaTeX Font Info:    Trying to load font information for OT1+lmr on input line 1
19.
(/usr/share/texmf/tex/latex/lm/ot1lmr.fd
File: ot1lmr.fd 2015/05/01 v1.6.1 Font defs for Latin Modern
)
LaTeX Font Info:    Trying to load font information for OML+lmm on input line 1
19.
(/usr/share/texmf/tex/latex/lm/omllmm.fd
File: omllmm.fd 2015/05/01 v1.6.1 Font defs for Latin Modern
)
LaTeX Font Info:    Trying to load font information for OMS+lmsy on input line 
119.
(/usr/share/texmf/tex/latex/lm/omslmsy.fd
File: omslmsy.fd 2015/05/01 v1.6.1 Font defs for Latin Modern
)
LaTeX Font Info:    Trying to load font information for OMX+lmex on input line 
119.
(/usr/share/texmf/tex/latex/lm/omxlmex.fd
File: omxlmex.fd 2015/05/01 v1.6.1 Font defs for Latin Modern
)
LaTeX Font Info:    External font `lmex10' loaded for size
(Font)              <12> on input line 119.
LaTeX Font Info:    External font `lmex10' loaded for size
(Font)              <8> on input line 119.
LaTeX Font Info:    External font `lmex10' loaded for size
(Font)              <6> on input line 119.
LaTeX Font Info:    Trying to load font information for U+msa on input line 119
.
(/usr/share/texlive/texmf-dist/tex/latex/amsfonts/umsa.fd
File: umsa.fd 2013/01/14 v3.01 AMS symbols A
) (/usr/share/texlive/texmf-dist/tex/latex/microtype/mt-msa.cfg
File: mt-msa.cfg 2006/02/04 v1.1 microtype config. file: AMS symbols (a) (RS)
)
LaTeX Font Info:    Trying to load font information for U+msb on input line 119
.
(/usr/share/texlive/texmf-dist/tex/latex/amsfonts/umsb.fd
File: umsb.fd 2013/01/14 v3.01 AMS symbols B
) (/usr/share/texlive/texmf-dist/tex/latex/microtype/mt-msb.cfg
File: mt-msb.cfg 2005/06/01 v1.0 microtype config. file: AMS symbols (b) (RS)
) (./NHANES-BP-Appendix.toc
LaTeX Font Info:    External font `lmex10' loaded for size
(Font)              <10> on input line 2.
LaTeX Font Info:    External font `lmex10' loaded for size
(Font)              <7> on input line 2.
LaTeX Font Info:    External font `lmex10' loaded for size
(Font)              <5> on input line 2.
)
\tf@toc=\write3
\openout3 = `NHANES-BP-Appendix.toc'.

<NHANES-BP-Appendix_files/figure-latex/Venn1-1.pdf, id=34, 289.08pt x 289.08pt>

File: NHANES-BP-Appendix_files/figure-latex/Venn1-1.pdf Graphic file (type pdf)

<use NHANES-BP-Appendix_files/figure-latex/Venn1-1.pdf>
Package pdftex.def Info: NHANES-BP-Appendix_files/figure-latex/Venn1-1.pdf  use
d on input line 129.
(pdftex.def)             Requested size: 289.09251pt x 289.09251pt.
[1

{/var/lib/texmf/fonts/map/pdftex/updmap/pdftex.map}]

LaTeX Warning: `!h' float specifier changed to `!ht'.

[2 <./NHANES-BP-Appendix_files/figure-latex/Venn1-1.pdf>]
<NHANES-BP-Appendix_files/figure-latex/examinerPlot-1.pdf, id=99, 469.755pt x 3
25.215pt>
File: NHANES-BP-Appendix_files/figure-latex/examinerPlot-1.pdf Graphic file (ty
pe pdf)
<use NHANES-BP-Appendix_files/figure-latex/examinerPlot-1.pdf>
Package pdftex.def Info: NHANES-BP-Appendix_files/figure-latex/examinerPlot-1.p
df  used on input line 218.
(pdftex.def)             Requested size: 469.75386pt x 325.2142pt.
<NHANES-BP-Appendix_files/figure-latex/examinerPlot3-1.pdf, id=100, 469.755pt x
 325.215pt>
File: NHANES-BP-Appendix_files/figure-latex/examinerPlot3-1.pdf Graphic file (t
ype pdf)
<use NHANES-BP-Appendix_files/figure-latex/examinerPlot3-1.pdf>
Package pdftex.def Info: NHANES-BP-Appendix_files/figure-latex/examinerPlot3-1.
pdf  used on input line 224.
(pdftex.def)             Requested size: 469.75386pt x 325.2142pt.
[3] [4 <./NHANES-BP-Appendix_files/figure-latex/examinerPlot-1.pdf>] [5 <./NHAN
ES-BP-Appendix_files/figure-latex/examinerPlot3-1.pdf>]
<NHANES-BP-Appendix_files/figure-latex/proportionChisq3-1.pdf, id=132, 469.755p
t x 505.89pt>
File: NHANES-BP-Appendix_files/figure-latex/proportionChisq3-1.pdf Graphic file
 (type pdf)
<use NHANES-BP-Appendix_files/figure-latex/proportionChisq3-1.pdf>
Package pdftex.def Info: NHANES-BP-Appendix_files/figure-latex/proportionChisq3
-1.pdf  used on input line 266.
(pdftex.def)             Requested size: 469.75386pt x 505.88875pt.
<NHANES-BP-Appendix_files/figure-latex/ternaryPlot-1.pdf, id=134, 578.16pt x 57
8.16pt>
File: NHANES-BP-Appendix_files/figure-latex/ternaryPlot-1.pdf Graphic file (typ
e pdf)
<use NHANES-BP-Appendix_files/figure-latex/ternaryPlot-1.pdf>
Package pdftex.def Info: NHANES-BP-Appendix_files/figure-latex/ternaryPlot-1.pd
f  used on input line 292.
(pdftex.def)             Requested size: 469.75385pt x 469.75385pt.
[6] [7 <./NHANES-BP-Appendix_files/figure-latex/proportionChisq3-1.pdf>] [8 <./
NHANES-BP-Appendix_files/figure-latex/ternaryPlot-1.pdf>]
<NHANES-BP-Appendix_files/figure-latex/SD-mean-1.pdf, id=170, 469.755pt x 325.2
15pt>
File: NHANES-BP-Appendix_files/figure-latex/SD-mean-1.pdf Graphic file (type pd
f)
<use NHANES-BP-Appendix_files/figure-latex/SD-mean-1.pdf>
Package pdftex.def Info: NHANES-BP-Appendix_files/figure-latex/SD-mean-1.pdf  u
sed on input line 361.
(pdftex.def)             Requested size: 469.75386pt x 325.2142pt.
[9] [10 <./NHANES-BP-Appendix_files/figure-latex/SD-mean-1.pdf>] [11] [12] [13]
<./DAG_Mean.png, id=232, 1895.08pt x 1244.65pt>
File: ./DAG_Mean.png Graphic file (type png)
<use ./DAG_Mean.png>
Package pdftex.def Info: ./DAG_Mean.png  used on input line 520.
(pdftex.def)             Requested size: 469.74944pt x 308.52187pt.
<./DAG_FRS.png, id=233, 1899.095pt x 1244.65pt>
File: ./DAG_FRS.png Graphic file (type png)
<use ./DAG_FRS.png>
Package pdftex.def Info: ./DAG_FRS.png  used on input line 528.
(pdftex.def)             Requested size: 469.75943pt x 307.87614pt.
[14] [15 <./DAG_Mean.png>] [16 <./DAG_FRS.png>]
Overfull \hbox (2.19429pt too wide) detected at line 635
\OML/lmm/m/it/10 `[]\OT1/lmr/m/n/10 (\OML/lmm/m/it/10 ; ^^R\OT1/lmr/m/n/10 ; \
OML/lmm/m/it/10 s[]\OT1/lmr/m/n/10 ) = \OML/lmm/m/it/10 n [] [] \OT1/lmr/m/n/1
0 + \OML/lmm/m/it/10 n [] \OT1/lmr/m/n/10 ^^@ [] \OMS/lmsy/m/n/10 ^^@ \OML/lmm/
m/it/10 n [] \OT1/lmr/m/n/10 ^^@(\OML/lmm/m/it/10 \OT1/lmr/m/n/10 ) + [] [] []
 \OML/lmm/m/it/10 s[] \OMS/lmsy/m/n/10 ^^@ [] [] [] [] \OML/lmm/m/it/10 :
 []

[17] [18]
<NHANES-BP-Appendix_files/figure-latex/Variance test-1.pdf, id=272, 469.755pt x
 325.215pt>
File: NHANES-BP-Appendix_files/figure-latex/Variance test-1.pdf Graphic file (t
ype pdf)
<use NHANES-BP-Appendix_files/figure-latex/Variance test-1.pdf>
Package pdftex.def Info: NHANES-BP-Appendix_files/figure-latex/Variance test-1.
pdf  used on input line 724.
(pdftex.def)             Requested size: 469.75386pt x 325.2142pt.
<NHANES-BP-Appendix_files/figure-latex/Variance test-2.pdf, id=273, 469.755pt x
 325.215pt>
File: NHANES-BP-Appendix_files/figure-latex/Variance test-2.pdf Graphic file (t
ype pdf)
<use NHANES-BP-Appendix_files/figure-latex/Variance test-2.pdf>
Package pdftex.def Info: NHANES-BP-Appendix_files/figure-latex/Variance test-2.
pdf  used on input line 724.
(pdftex.def)             Requested size: 469.75386pt x 325.2142pt.
<NHANES-BP-Appendix_files/figure-latex/Compare_variances-1.pdf, id=274, 469.755
pt x 325.215pt>
File: NHANES-BP-Appendix_files/figure-latex/Compare_variances-1.pdf Graphic fil
e (type pdf)
<use NHANES-BP-Appendix_files/figure-latex/Compare_variances-1.pdf>
Package pdftex.def Info: NHANES-BP-Appendix_files/figure-latex/Compare_variance
s-1.pdf  used on input line 729.
(pdftex.def)             Requested size: 469.75386pt x 325.2142pt.

Underfull \hbox (badness 10000) in paragraph at lines 719--730
[]
 []


Underfull \hbox (badness 10000) in paragraph at lines 719--730
[]
 []

[19] [20 <./NHANES-BP-Appendix_files/figure-latex/Variance test-1.pdf>] [21 <./
NHANES-BP-Appendix_files/figure-latex/Variance test-2.pdf>] [22 <./NHANES-BP-Ap
pendix_files/figure-latex/Compare_variances-1.pdf>] [23]
LaTeX Font Info:    Trying to load font information for T1+lmtt on input line 8
31.
(/usr/share/texmf/tex/latex/lm/t1lmtt.fd
File: t1lmtt.fd 2015/05/01 v1.6.1 Font defs for Latin Modern
)
LaTeX Font Info:    Trying to load font information for TS1+lmr on input line 8
69.
(/usr/share/texmf/tex/latex/lm/ts1lmr.fd
File: ts1lmr.fd 2015/05/01 v1.6.1 Font defs for Latin Modern
) [24]
<./Rmarkdown_Plots/RMSE-Linpred_Convergence.png, id=367, 512.66531pt x 532.9912
6pt>
File: ./Rmarkdown_Plots/RMSE-Linpred_Convergence.png Graphic file (type png)
<use ./Rmarkdown_Plots/RMSE-Linpred_Convergence.png>
Package pdftex.def Info: ./Rmarkdown_Plots/RMSE-Linpred_Convergence.png  used o
n input line 906.
(pdftex.def)             Requested size: 469.7569pt x 488.38165pt.
[25] [26 <./Rmarkdown_Plots/RMSE-Linpred_Convergence.png (PNG copy)>]
<./Plots/beta/Beta_parameter_normalised.png, id=387, 1084.05pt x 650.43pt>
File: ./Plots/beta/Beta_parameter_normalised.png Graphic file (type png)
<use ./Plots/beta/Beta_parameter_normalised.png>
Package pdftex.def Info: ./Plots/beta/Beta_parameter_normalised.png  used on in
put line 965.
(pdftex.def)             Requested size: 469.75496pt x 281.85297pt.
[27]
<./Plots/gompertz/B_parameter.png, id=402, 939.51pt x 650.43pt>
File: ./Plots/gompertz/B_parameter.png Graphic file (type png)
<use ./Plots/gompertz/B_parameter.png>
Package pdftex.def Info: ./Plots/gompertz/B_parameter.png  used on input line 9
75.
(pdftex.def)             Requested size: 469.75385pt x 325.2142pt.
<./Plots/gompertz/theta_parameter.png, id=408, 939.51pt x 650.43pt>
File: ./Plots/gompertz/theta_parameter.png Graphic file (type png)
<use ./Plots/gompertz/theta_parameter.png>
Package pdftex.def Info: ./Plots/gompertz/theta_parameter.png  used on input li
ne 985.
(pdftex.def)             Requested size: 469.75385pt x 325.2142pt.
<./Plots/Survival/redlinpred_Cumulative_haz-death_age.png, id=410, 722.7pt x 36
1.35pt>
File: ./Plots/Survival/redlinpred_Cumulative_haz-death_age.png Graphic file (ty
pe png)
<use ./Plots/Survival/redlinpred_Cumulative_haz-death_age.png>
Package pdftex.def Info: ./Plots/Survival/redlinpred_Cumulative_haz-death_age.p
ng  used on input line 1055.
(pdftex.def)             Requested size: 469.76045pt x 234.88023pt.
[28 <./Plots/beta/Beta_parameter_normalised.png (PNG copy)>] [29 <./Plots/gompe
rtz/B_parameter.png (PNG copy)>] [30 <./Plots/gompertz/theta_parameter.png (PNG
 copy)>] [31 <./Plots/Survival/redlinpred_Cumulative_haz-death_age.png>]
<./Rmarkdown_Plots/SysDelta_Densities_Demography.png, id=444, 505.89pt x 505.89
pt>
File: ./Rmarkdown_Plots/SysDelta_Densities_Demography.png Graphic file (type pn
g)
<use ./Rmarkdown_Plots/SysDelta_Densities_Demography.png>
Package pdftex.def Info: ./Rmarkdown_Plots/SysDelta_Densities_Demography.png  u
sed on input line 1081.
(pdftex.def)             Requested size: 469.76265pt x 469.76265pt.
[32 <./Rmarkdown_Plots/SysDelta_Densities_Demography.png (PNG copy)>]
<./Rmarkdown_Plots/ROC_MeanBPModel_CAx-EventType.png, id=459, 505.89pt x 505.89
pt>
File: ./Rmarkdown_Plots/ROC_MeanBPModel_CAx-EventType.png Graphic file (type pn
g)
<use ./Rmarkdown_Plots/ROC_MeanBPModel_CAx-EventType.png>
Package pdftex.def Info: ./Rmarkdown_Plots/ROC_MeanBPModel_CAx-EventType.png  u
sed on input line 1091.
(pdftex.def)             Requested size: 469.76265pt x 469.76265pt.
<./Rmarkdown_Plots/ROC_FRSModel_CAx-EventType.png, id=460, 505.89pt x 505.89pt>

File: ./Rmarkdown_Plots/ROC_FRSModel_CAx-EventType.png Graphic file (type png)
<use ./Rmarkdown_Plots/ROC_FRSModel_CAx-EventType.png>
Package pdftex.def Info: ./Rmarkdown_Plots/ROC_FRSModel_CAx-EventType.png  used
 on input line 1099.
(pdftex.def)             Requested size: 469.76265pt x 469.76265pt.
<./Rmarkdown_Plots/ROC_CAx-EventType_Demog_10Yr_45-64.png, id=464, 505.89pt x 5
05.89pt>
File: ./Rmarkdown_Plots/ROC_CAx-EventType_Demog_10Yr_45-64.png Graphic file (ty
pe png)
<use ./Rmarkdown_Plots/ROC_CAx-EventType_Demog_10Yr_45-64.png>
Package pdftex.def Info: ./Rmarkdown_Plots/ROC_CAx-EventType_Demog_10Yr_45-64.p
ng  used on input line 1109.
(pdftex.def)             Requested size: 469.76265pt x 469.76265pt.
<./Rmarkdown_Plots/ROC_CAx-Covariates_EventType_RL1.png, id=483, 505.89pt x 505
.89pt>
File: ./Rmarkdown_Plots/ROC_CAx-Covariates_EventType_RL1.png Graphic file (type
 png)
<use ./Rmarkdown_Plots/ROC_CAx-Covariates_EventType_RL1.png>
Package pdftex.def Info: ./Rmarkdown_Plots/ROC_CAx-Covariates_EventType_RL1.png
  used on input line 1229.
(pdftex.def)             Requested size: 469.76265pt x 469.76265pt.
<./Rmarkdown_Plots/ROC_CAx-Covariates_EventType_RL2.png, id=484, 505.89pt x 505
.89pt>
File: ./Rmarkdown_Plots/ROC_CAx-Covariates_EventType_RL2.png Graphic file (type
 png)
<use ./Rmarkdown_Plots/ROC_CAx-Covariates_EventType_RL2.png>
Package pdftex.def Info: ./Rmarkdown_Plots/ROC_CAx-Covariates_EventType_RL2.png
  used on input line 1237.
(pdftex.def)             Requested size: 469.76265pt x 469.76265pt.
<./Rmarkdown_Plots/ROC_CAx-Covariates_EventType_RL2oth.png, id=485, 505.89pt x 
505.89pt>
File: ./Rmarkdown_Plots/ROC_CAx-Covariates_EventType_RL2oth.png Graphic file (t
ype png)
<use ./Rmarkdown_Plots/ROC_CAx-Covariates_EventType_RL2oth.png>
Package pdftex.def Info: ./Rmarkdown_Plots/ROC_CAx-Covariates_EventType_RL2oth.
png  used on input line 1245.
(pdftex.def)             Requested size: 469.76265pt x 469.76265pt.
<./Rmarkdown_Plots/ROC_CAx-Covariates_EventType_RL7.png, id=486, 505.89pt x 505
.89pt>
File: ./Rmarkdown_Plots/ROC_CAx-Covariates_EventType_RL7.png Graphic file (type
 png)
<use ./Rmarkdown_Plots/ROC_CAx-Covariates_EventType_RL7.png>
Package pdftex.def Info: ./Rmarkdown_Plots/ROC_CAx-Covariates_EventType_RL7.png
  used on input line 1253.
(pdftex.def)             Requested size: 469.76265pt x 469.76265pt.
<./Rmarkdown_Plots/ROC_CAx-Covariates_EventType_RL8.png, id=487, 505.89pt x 505
.89pt>
File: ./Rmarkdown_Plots/ROC_CAx-Covariates_EventType_RL8.png Graphic file (type
 png)
<use ./Rmarkdown_Plots/ROC_CAx-Covariates_EventType_RL8.png>
Package pdftex.def Info: ./Rmarkdown_Plots/ROC_CAx-Covariates_EventType_RL8.png
  used on input line 1261.
(pdftex.def)             Requested size: 469.76265pt x 469.76265pt.
<./Rmarkdown_Plots/ROC_CAx-Covariates_EventType_RL8oth.png, id=488, 505.89pt x 
505.89pt>
File: ./Rmarkdown_Plots/ROC_CAx-Covariates_EventType_RL8oth.png Graphic file (t
ype png)
<use ./Rmarkdown_Plots/ROC_CAx-Covariates_EventType_RL8oth.png>
Package pdftex.def Info: ./Rmarkdown_Plots/ROC_CAx-Covariates_EventType_RL8oth.
png  used on input line 1269.
(pdftex.def)             Requested size: 469.76265pt x 469.76265pt.
<./Rmarkdown_Plots/Delta_plusminus_Demography.png, id=490, 505.89pt x 505.89pt>

File: ./Rmarkdown_Plots/Delta_plusminus_Demography.png Graphic file (type png)
<use ./Rmarkdown_Plots/Delta_plusminus_Demography.png>
Package pdftex.def Info: ./Rmarkdown_Plots/Delta_plusminus_Demography.png  used
 on input line 1282.
(pdftex.def)             Requested size: 469.76265pt x 469.76265pt.
[33] [34 <./Rmarkdown_Plots/ROC_MeanBPModel_CAx-EventType.png (PNG copy)>] [35 
<./Rmarkdown_Plots/ROC_FRSModel_CAx-EventType.png (PNG copy)>] [36 <./Rmarkdown
_Plots/ROC_CAx-EventType_Demog_10Yr_45-64.png (PNG copy)>] [37] [38] [39 <./Rma
rkdown_Plots/ROC_CAx-Covariates_EventType_RL1.png (PNG copy)>] [40 <./Rmarkdown
_Plots/ROC_CAx-Covariates_EventType_RL2.png (PNG copy)>] [41 <./Rmarkdown_Plots
/ROC_CAx-Covariates_EventType_RL2oth.png (PNG copy)>] [42 <./Rmarkdown_Plots/RO
C_CAx-Covariates_EventType_RL7.png (PNG copy)>] [43 <./Rmarkdown_Plots/ROC_CAx-
Covariates_EventType_RL8.png (PNG copy)>] [44 <./Rmarkdown_Plots/ROC_CAx-Covari
ates_EventType_RL8oth.png (PNG copy)>] [45 <./Rmarkdown_Plots/Delta_plusminus_D
emography.png>]
<./Rmarkdown_Plots/SurvProbKM_45-64.png, id=569, 505.89pt x 505.89pt>
File: ./Rmarkdown_Plots/SurvProbKM_45-64.png Graphic file (type png)
<use ./Rmarkdown_Plots/SurvProbKM_45-64.png>
Package pdftex.def Info: ./Rmarkdown_Plots/SurvProbKM_45-64.png  used on input 
line 1305.
(pdftex.def)             Requested size: 469.76265pt x 469.76265pt.
<./Rmarkdown_Plots/SurvProbKM_65-84.png, id=570, 505.89pt x 505.89pt>
File: ./Rmarkdown_Plots/SurvProbKM_65-84.png Graphic file (type png)
<use ./Rmarkdown_Plots/SurvProbKM_65-84.png>
Package pdftex.def Info: ./Rmarkdown_Plots/SurvProbKM_65-84.png  used on input 
line 1313.
(pdftex.def)             Requested size: 469.76265pt x 469.76265pt.
<./Rmarkdown_Plots/SurvProbKM_Delta_45-65.png, id=573, 505.89pt x 505.89pt>
File: ./Rmarkdown_Plots/SurvProbKM_Delta_45-65.png Graphic file (type png)
<use ./Rmarkdown_Plots/SurvProbKM_Delta_45-65.png>
Package pdftex.def Info: ./Rmarkdown_Plots/SurvProbKM_Delta_45-65.png  used on 
input line 1323.
(pdftex.def)             Requested size: 469.76265pt x 469.76265pt.
<./Rmarkdown_Plots/SurvProbKM_Delta_65-85.png, id=574, 505.89pt x 505.89pt>
File: ./Rmarkdown_Plots/SurvProbKM_Delta_65-85.png Graphic file (type png)
<use ./Rmarkdown_Plots/SurvProbKM_Delta_65-85.png>
Package pdftex.def Info: ./Rmarkdown_Plots/SurvProbKM_Delta_65-85.png  used on 
input line 1331.
(pdftex.def)             Requested size: 469.76265pt x 469.76265pt.
<./Rmarkdown_Plots/DeltaDirection_AUCs.png, id=577, 532.23843pt x 281.55188pt>
File: ./Rmarkdown_Plots/DeltaDirection_AUCs.png Graphic file (type png)
<use ./Rmarkdown_Plots/DeltaDirection_AUCs.png>
Package pdftex.def Info: ./Rmarkdown_Plots/DeltaDirection_AUCs.png  used on inp
ut line 1363.
(pdftex.def)             Requested size: 469.76813pt x 248.50534pt.
[46] [47 <./Rmarkdown_Plots/SurvProbKM_45-64.png>] [48 <./Rmarkdown_Plots/SurvP
robKM_65-84.png>] [49 <./Rmarkdown_Plots/SurvProbKM_Delta_45-65.png>] [50 <./Rm
arkdown_Plots/SurvProbKM_Delta_65-85.png>] [51 <./Rmarkdown_Plots/DeltaDirectio
n_AUCs.png (PNG copy)>] (./NHANES-BP-Appendix.aux) ) 
Here is how much of TeX's memory you used:
 15970 strings out of 479983
 260620 string characters out of 5888070
 628286 words of memory out of 5000000
 33411 multiletter control sequences out of 15000+600000
 544312 words of font info for 174 fonts, out of 8000000 for 9000
 14 hyphenation exceptions out of 8191
 74i,20n,81p,2623b,543s stack positions out of 10000i,1000n,20000p,200000b,200000s
{/usr/share/texmf/fonts/enc
/dvips/lm/lm-mathsy.enc}{/usr/share/texmf/fonts/enc/dvips/lm/lm-ts1.enc}{/usr/s
hare/texmf/fonts/enc/dvips/lm/lm-ec.enc}{/usr/share/texmf/fonts/enc/dvips/lm/lm
-rm.enc}{/usr/share/texmf/fonts/enc/dvips/lm/lm-mathit.enc}{/usr/share/texmf/fo
nts/enc/dvips/lm/lm-mathex.enc}</usr/share/texmf/fonts/type1/public/lm/lmbx10.p
fb></usr/share/texmf/fonts/type1/public/lm/lmbx12.pfb></usr/share/texmf/fonts/t
ype1/public/lm/lmex10.pfb></usr/share/texmf/fonts/type1/public/lm/lmmi10.pfb></
usr/share/texmf/fonts/type1/public/lm/lmmi5.pfb></usr/share/texmf/fonts/type1/p
ublic/lm/lmmi7.pfb></usr/share/texmf/fonts/type1/public/lm/lmmib10.pfb></usr/sh
are/texmf/fonts/type1/public/lm/lmr10.pfb></usr/share/texmf/fonts/type1/public/
lm/lmr12.pfb></usr/share/texmf/fonts/type1/public/lm/lmr17.pfb></usr/share/texm
f/fonts/type1/public/lm/lmr5.pfb></usr/share/texmf/fonts/type1/public/lm/lmr7.p
fb></usr/share/texmf/fonts/type1/public/lm/lmri10.pfb></usr/share/texmf/fonts/t
ype1/public/lm/lmsy10.pfb></usr/share/texmf/fonts/type1/public/lm/lmsy5.pfb></u
sr/share/texmf/fonts/type1/public/lm/lmsy7.pfb></usr/share/texmf/fonts/type1/pu
blic/lm/lmtt10.pfb></usr/share/texlive/texmf-dist/fonts/type1/public/amsfonts/s
ymbols/msbm10.pfb></usr/share/texlive/texmf-dist/fonts/type1/public/amsfonts/sy
mbols/msbm7.pfb>
Output written on NHANES-BP-Appendix.pdf (51 pages, 11298347 bytes).
PDF statistics:
 858 PDF objects out of 1000 (max. 8388607)
 714 compressed objects within 8 object streams
 236 named destinations out of 1000 (max. 500000)
 41361 words of extra memory for PDF output out of 42996 (max. 10000000)

